[16:29:00] [ServerMain/INFO]: Building unoptimized datafixer
[16:29:02] [ServerMain/INFO]: Environment: authHost='https://authserver.mojang.com', accountsHost='https://api.mojang.com', sessionHost='https://sessionserver.mojang.com', servicesHost='https://api.minecraftservices.com', name='PROD'
[16:29:02] [ServerMain/INFO]: Found new data pack file/bukkit, loading it automatically
[16:29:03] [ServerMain/INFO]: Loaded 7 recipes
[16:29:04] [Server thread/INFO]: Starting minecraft server version 1.19.3
[16:29:04] [Server thread/INFO]: Loading properties
[16:29:04] [Server thread/INFO]: This server is running CraftBukkit version 3661-Spigot-19641c7-8434e36 (MC: 1.19.3) (Implementing API version 1.19.3-R0.1-SNAPSHOT)
[16:29:05] [Server thread/INFO]: Debug logging is disabled
[16:29:05] [Server thread/INFO]: Server Ping Player Sample Count: 12
[16:29:05] [Server thread/INFO]: Using 4 threads for Netty based IO
[16:29:05] [Server thread/INFO]: Default game type: SURVIVAL
[16:29:05] [Server thread/INFO]: Generating keypair
[16:29:05] [Server thread/INFO]: Starting Minecraft server on *:25565
[16:29:05] [Server thread/INFO]: Using epoll channel type
[16:29:05] [Server thread/ERROR]: Could not load 'plugins/worldedit-mod-7.2.13.jar' in folder 'plugins'
org.bukkit.plugin.InvalidDescriptionException: Invalid plugin.yml
	at org.bukkit.plugin.java.JavaPluginLoader.getPluginDescription(JavaPluginLoader.java:170) ~[spigot-api-1.19.3-R0.1-SNAPSHOT.jar:?]
	at org.bukkit.plugin.SimplePluginManager.loadPlugins(SimplePluginManager.java:144) ~[spigot-api-1.19.3-R0.1-SNAPSHOT.jar:?]
	at org.bukkit.craftbukkit.v1_19_R2.CraftServer.loadPlugins(CraftServer.java:428) ~[spigot-1.19.3-R0.1-SNAPSHOT.jar:3661-Spigot-19641c7-8434e36]
	at net.minecraft.server.dedicated.DedicatedServer.e(DedicatedServer.java:219) ~[spigot-1.19.3-R0.1-SNAPSHOT.jar:3661-Spigot-19641c7-8434e36]
	at net.minecraft.server.MinecraftServer.w(MinecraftServer.java:973) ~[spigot-1.19.3-R0.1-SNAPSHOT.jar:3661-Spigot-19641c7-8434e36]
	at net.minecraft.server.MinecraftServer.lambda$0(MinecraftServer.java:301) ~[spigot-1.19.3-R0.1-SNAPSHOT.jar:3661-Spigot-19641c7-8434e36]
	at java.lang.Thread.run(Thread.java:1589) ~[?:?]
Caused by: java.io.FileNotFoundException: Jar does not contain plugin.yml
	... 7 more
[16:29:05] [Server thread/INFO]: Preparing level "world"
[16:29:05] [Server thread/INFO]: -------- World Settings For [world] --------
[16:29:05] [Server thread/INFO]: Entity Activation Range: An 32 / Mo 32 / Ra 48 / Mi 16 / Tiv true / Isa false
[16:29:05] [Server thread/INFO]: Entity Tracking Range: Pl 48 / An 48 / Mo 48 / Mi 32 / Other 64
[16:29:05] [Server thread/INFO]: Hopper Transfer: 8 Hopper Check: 1 Hopper Amount: 1 Hopper Can Load Chunks: false
[16:29:05] [Server thread/INFO]: Experience Merge Radius: 3.0
[16:29:05] [Server thread/INFO]: Mob Spawn Range: 6
[16:29:05] [Server thread/INFO]: Cactus Growth Modifier: 100%
[16:29:05] [Server thread/INFO]: Cane Growth Modifier: 100%
[16:29:05] [Server thread/INFO]: Melon Growth Modifier: 100%
[16:29:05] [Server thread/INFO]: Mushroom Growth Modifier: 100%
[16:29:05] [Server thread/INFO]: Pumpkin Growth Modifier: 100%
[16:29:05] [Server thread/INFO]: Sapling Growth Modifier: 100%
[16:29:05] [Server thread/INFO]: Beetroot Growth Modifier: 100%
[16:29:05] [Server thread/INFO]: Carrot Growth Modifier: 100%
[16:29:05] [Server thread/INFO]: Potato Growth Modifier: 100%
[16:29:05] [Server thread/INFO]: Wheat Growth Modifier: 100%
[16:29:05] [Server thread/INFO]: NetherWart Growth Modifier: 100%
[16:29:05] [Server thread/INFO]: Vine Growth Modifier: 100%
[16:29:05] [Server thread/INFO]: Cocoa Growth Modifier: 100%
[16:29:05] [Server thread/INFO]: Bamboo Growth Modifier: 100%
[16:29:05] [Server thread/INFO]: SweetBerry Growth Modifier: 100%
[16:29:05] [Server thread/INFO]: Kelp Growth Modifier: 100%
[16:29:05] [Server thread/INFO]: TwistingVines Growth Modifier: 100%
[16:29:05] [Server thread/INFO]: WeepingVines Growth Modifier: 100%
[16:29:05] [Server thread/INFO]: CaveVines Growth Modifier: 100%
[16:29:05] [Server thread/INFO]: Custom Map Seeds:  Village: 10387312 Desert: 14357617 Igloo: 14357618 Jungle: 14357619 Swamp: 14357620 Monument: 10387313 Ocean: 14357621 Shipwreck: 165745295 End City: 10387313 Slime: 987234911 Nether: 30084232 Mansion: 10387319 Fossil: 14357921 Portal: 34222645
[16:29:05] [Server thread/INFO]: Max TNT Explosions: 100
[16:29:05] [Server thread/INFO]: Tile Max Tick Time: 50ms Entity max Tick Time: 50ms
[16:29:05] [Server thread/INFO]: Item Merge Radius: 2.5
[16:29:05] [Server thread/INFO]: Item Despawn Rate: 6000
[16:29:05] [Server thread/INFO]: View Distance: 10
[16:29:05] [Server thread/INFO]: Simulation Distance: 10
[16:29:05] [Server thread/INFO]: Allow Zombie Pigmen to spawn from portal blocks: true
[16:29:05] [Server thread/INFO]: Arrow Despawn Rate: 1200 Trident Respawn Rate:1200
[16:29:05] [Server thread/INFO]: Zombie Aggressive Towards Villager: true
[16:29:05] [Server thread/INFO]: Nerfing mobs spawned from spawners: false
[16:29:08] [Server thread/INFO]: -------- World Settings For [world_nether] --------
[16:29:08] [Server thread/INFO]: Entity Activation Range: An 32 / Mo 32 / Ra 48 / Mi 16 / Tiv true / Isa false
[16:29:08] [Server thread/INFO]: Entity Tracking Range: Pl 48 / An 48 / Mo 48 / Mi 32 / Other 64
[16:29:08] [Server thread/INFO]: Hopper Transfer: 8 Hopper Check: 1 Hopper Amount: 1 Hopper Can Load Chunks: false
[16:29:08] [Server thread/INFO]: Experience Merge Radius: 3.0
[16:29:08] [Server thread/INFO]: Mob Spawn Range: 6
[16:29:08] [Server thread/INFO]: Cactus Growth Modifier: 100%
[16:29:08] [Server thread/INFO]: Cane Growth Modifier: 100%
[16:29:08] [Server thread/INFO]: Melon Growth Modifier: 100%
[16:29:08] [Server thread/INFO]: Mushroom Growth Modifier: 100%
[16:29:08] [Server thread/INFO]: Pumpkin Growth Modifier: 100%
[16:29:08] [Server thread/INFO]: Sapling Growth Modifier: 100%
[16:29:08] [Server thread/INFO]: Beetroot Growth Modifier: 100%
[16:29:08] [Server thread/INFO]: Carrot Growth Modifier: 100%
[16:29:08] [Server thread/INFO]: Potato Growth Modifier: 100%
[16:29:08] [Server thread/INFO]: Wheat Growth Modifier: 100%
[16:29:08] [Server thread/INFO]: NetherWart Growth Modifier: 100%
[16:29:08] [Server thread/INFO]: Vine Growth Modifier: 100%
[16:29:08] [Server thread/INFO]: Cocoa Growth Modifier: 100%
[16:29:08] [Server thread/INFO]: Bamboo Growth Modifier: 100%
[16:29:08] [Server thread/INFO]: SweetBerry Growth Modifier: 100%
[16:29:08] [Server thread/INFO]: Kelp Growth Modifier: 100%
[16:29:08] [Server thread/INFO]: TwistingVines Growth Modifier: 100%
[16:29:08] [Server thread/INFO]: WeepingVines Growth Modifier: 100%
[16:29:08] [Server thread/INFO]: CaveVines Growth Modifier: 100%
[16:29:08] [Server thread/INFO]: Custom Map Seeds:  Village: 10387312 Desert: 14357617 Igloo: 14357618 Jungle: 14357619 Swamp: 14357620 Monument: 10387313 Ocean: 14357621 Shipwreck: 165745295 End City: 10387313 Slime: 987234911 Nether: 30084232 Mansion: 10387319 Fossil: 14357921 Portal: 34222645
[16:29:08] [Server thread/INFO]: Max TNT Explosions: 100
[16:29:08] [Server thread/INFO]: Tile Max Tick Time: 50ms Entity max Tick Time: 50ms
[16:29:08] [Server thread/INFO]: Item Merge Radius: 2.5
[16:29:08] [Server thread/INFO]: Item Despawn Rate: 6000
[16:29:08] [Server thread/INFO]: View Distance: 10
[16:29:08] [Server thread/INFO]: Simulation Distance: 10
[16:29:08] [Server thread/INFO]: Allow Zombie Pigmen to spawn from portal blocks: true
[16:29:08] [Server thread/INFO]: Arrow Despawn Rate: 1200 Trident Respawn Rate:1200
[16:29:08] [Server thread/INFO]: Zombie Aggressive Towards Villager: true
[16:29:08] [Server thread/INFO]: Nerfing mobs spawned from spawners: false
[16:29:09] [Server thread/INFO]: -------- World Settings For [world_the_end] --------
[16:29:09] [Server thread/INFO]: Entity Activation Range: An 32 / Mo 32 / Ra 48 / Mi 16 / Tiv true / Isa false
[16:29:09] [Server thread/INFO]: Entity Tracking Range: Pl 48 / An 48 / Mo 48 / Mi 32 / Other 64
[16:29:09] [Server thread/INFO]: Hopper Transfer: 8 Hopper Check: 1 Hopper Amount: 1 Hopper Can Load Chunks: false
[16:29:09] [Server thread/INFO]: Experience Merge Radius: 3.0
[16:29:09] [Server thread/INFO]: Mob Spawn Range: 6
[16:29:09] [Server thread/INFO]: Cactus Growth Modifier: 100%
[16:29:09] [Server thread/INFO]: Cane Growth Modifier: 100%
[16:29:09] [Server thread/INFO]: Melon Growth Modifier: 100%
[16:29:09] [Server thread/INFO]: Mushroom Growth Modifier: 100%
[16:29:09] [Server thread/INFO]: Pumpkin Growth Modifier: 100%
[16:29:09] [Server thread/INFO]: Sapling Growth Modifier: 100%
[16:29:09] [Server thread/INFO]: Beetroot Growth Modifier: 100%
[16:29:09] [Server thread/INFO]: Carrot Growth Modifier: 100%
[16:29:09] [Server thread/INFO]: Potato Growth Modifier: 100%
[16:29:09] [Server thread/INFO]: Wheat Growth Modifier: 100%
[16:29:09] [Server thread/INFO]: NetherWart Growth Modifier: 100%
[16:29:09] [Server thread/INFO]: Vine Growth Modifier: 100%
[16:29:09] [Server thread/INFO]: Cocoa Growth Modifier: 100%
[16:29:09] [Server thread/INFO]: Bamboo Growth Modifier: 100%
[16:29:09] [Server thread/INFO]: SweetBerry Growth Modifier: 100%
[16:29:09] [Server thread/INFO]: Kelp Growth Modifier: 100%
[16:29:09] [Server thread/INFO]: TwistingVines Growth Modifier: 100%
[16:29:09] [Server thread/INFO]: WeepingVines Growth Modifier: 100%
[16:29:09] [Server thread/INFO]: CaveVines Growth Modifier: 100%
[16:29:09] [Server thread/INFO]: Custom Map Seeds:  Village: 10387312 Desert: 14357617 Igloo: 14357618 Jungle: 14357619 Swamp: 14357620 Monument: 10387313 Ocean: 14357621 Shipwreck: 165745295 End City: 10387313 Slime: 987234911 Nether: 30084232 Mansion: 10387319 Fossil: 14357921 Portal: 34222645
[16:29:09] [Server thread/INFO]: Max TNT Explosions: 100
[16:29:09] [Server thread/INFO]: Tile Max Tick Time: 50ms Entity max Tick Time: 50ms
[16:29:09] [Server thread/INFO]: Item Merge Radius: 2.5
[16:29:09] [Server thread/INFO]: Item Despawn Rate: 6000
[16:29:09] [Server thread/INFO]: View Distance: 10
[16:29:09] [Server thread/INFO]: Simulation Distance: 10
[16:29:09] [Server thread/INFO]: Allow Zombie Pigmen to spawn from portal blocks: true
[16:29:09] [Server thread/INFO]: Arrow Despawn Rate: 1200 Trident Respawn Rate:1200
[16:29:09] [Server thread/INFO]: Zombie Aggressive Towards Villager: true
[16:29:09] [Server thread/INFO]: Nerfing mobs spawned from spawners: false
[16:29:09] [Server thread/INFO]: Preparing start region for dimension minecraft:overworld
[16:29:10] [Server thread/INFO]: Preparing spawn area: 0%
[16:29:10] [Server thread/INFO]: Preparing spawn area: 0%
[16:29:13] [Worker-Main-2/INFO]: Preparing spawn area: 1%
[16:29:13] [Worker-Main-2/INFO]: Preparing spawn area: 1%
[16:29:13] [Worker-Main-6/INFO]: Preparing spawn area: 1%
[16:29:13] [Worker-Main-4/INFO]: Preparing spawn area: 1%
[16:29:13] [Worker-Main-4/INFO]: Preparing spawn area: 1%
[16:29:13] [Worker-Main-3/INFO]: Preparing spawn area: 16%
[16:29:14] [Worker-Main-1/INFO]: Preparing spawn area: 65%
[16:29:14] [Worker-Main-2/INFO]: Preparing spawn area: 65%
[16:29:15] [Worker-Main-1/INFO]: Preparing spawn area: 65%
[16:29:15] [Worker-Main-6/INFO]: Preparing spawn area: 65%
[16:29:16] [Worker-Main-6/INFO]: Preparing spawn area: 65%
[16:29:16] [Worker-Main-2/INFO]: Preparing spawn area: 65%
[16:29:17] [Worker-Main-3/INFO]: Preparing spawn area: 65%
[16:29:17] [Worker-Main-5/INFO]: Preparing spawn area: 65%
[16:29:18] [Worker-Main-6/INFO]: Preparing spawn area: 66%
[16:29:18] [Worker-Main-2/INFO]: Preparing spawn area: 66%
[16:29:19] [Worker-Main-6/INFO]: Preparing spawn area: 68%
[16:29:19] [Worker-Main-4/INFO]: Preparing spawn area: 68%
[16:29:20] [Worker-Main-1/INFO]: Preparing spawn area: 68%
[16:29:20] [Worker-Main-2/INFO]: Preparing spawn area: 68%
[16:29:21] [Worker-Main-2/INFO]: Preparing spawn area: 69%
[16:29:21] [Worker-Main-5/INFO]: Preparing spawn area: 69%
[16:29:21] [Worker-Main-4/INFO]: Preparing spawn area: 71%
[16:29:22] [Worker-Main-5/INFO]: Preparing spawn area: 71%
[16:29:23] [Worker-Main-7/INFO]: Preparing spawn area: 72%
[16:29:23] [Worker-Main-7/INFO]: Preparing spawn area: 74%
[16:29:23] [Worker-Main-6/INFO]: Preparing spawn area: 76%
[16:29:24] [Worker-Main-7/INFO]: Preparing spawn area: 79%
[16:29:25] [Worker-Main-2/INFO]: Preparing spawn area: 81%
[16:29:25] [Worker-Main-2/INFO]: Preparing spawn area: 83%
[16:29:25] [Worker-Main-1/INFO]: Preparing spawn area: 83%
[16:29:26] [Worker-Main-2/INFO]: Preparing spawn area: 86%
[16:29:27] [Worker-Main-1/INFO]: Preparing spawn area: 88%
[16:29:27] [Worker-Main-5/INFO]: Preparing spawn area: 90%
[16:29:27] [Worker-Main-5/INFO]: Preparing spawn area: 91%
[16:29:28] [Worker-Main-5/INFO]: Preparing spawn area: 93%
[16:29:28] [Worker-Main-3/INFO]: Preparing spawn area: 94%
[16:29:29] [Worker-Main-1/INFO]: Preparing spawn area: 95%
[16:29:30] [Worker-Main-3/INFO]: Preparing spawn area: 96%
[16:29:30] [Worker-Main-4/INFO]: Preparing spawn area: 97%
[16:29:30] [Server thread/INFO]: Time elapsed: 20959 ms
[16:29:30] [Server thread/INFO]: Preparing start region for dimension minecraft:the_nether
[16:29:30] [Server thread/INFO]: Preparing spawn area: 0%
[16:29:31] [Worker-Main-6/INFO]: Preparing spawn area: 63%
[16:29:31] [Worker-Main-7/INFO]: Preparing spawn area: 63%
[16:29:32] [Worker-Main-7/INFO]: Preparing spawn area: 63%
[16:29:32] [Worker-Main-4/INFO]: Preparing spawn area: 63%
[16:29:33] [Worker-Main-1/INFO]: Preparing spawn area: 63%
[16:29:33] [Worker-Main-1/INFO]: Preparing spawn area: 63%
[16:29:34] [Worker-Main-2/INFO]: Preparing spawn area: 63%
[16:29:34] [Worker-Main-5/INFO]: Preparing spawn area: 64%
[16:29:35] [Worker-Main-4/INFO]: Preparing spawn area: 66%
[16:29:35] [Worker-Main-7/INFO]: Preparing spawn area: 66%
[16:29:36] [Worker-Main-5/INFO]: Preparing spawn area: 67%
[16:29:36] [Worker-Main-2/INFO]: Preparing spawn area: 70%
[16:29:37] [Worker-Main-5/INFO]: Preparing spawn area: 71%
[16:29:37] [Worker-Main-2/INFO]: Preparing spawn area: 74%
[16:29:38] [Worker-Main-5/INFO]: Preparing spawn area: 78%
[16:29:38] [Worker-Main-6/INFO]: Preparing spawn area: 81%
[16:29:39] [Worker-Main-3/INFO]: Preparing spawn area: 83%
[16:29:39] [Worker-Main-4/INFO]: Preparing spawn area: 85%
[16:29:40] [Worker-Main-5/INFO]: Preparing spawn area: 88%
[16:29:40] [Worker-Main-1/INFO]: Preparing spawn area: 91%
[16:29:41] [Worker-Main-1/INFO]: Preparing spawn area: 93%
[16:29:41] [Worker-Main-6/INFO]: Preparing spawn area: 97%
[16:29:42] [Server thread/INFO]: Time elapsed: 11213 ms
[16:29:42] [Server thread/INFO]: Preparing start region for dimension minecraft:the_end
[16:29:42] [Server thread/INFO]: Preparing spawn area: 0%
[16:29:42] [Worker-Main-7/INFO]: Preparing spawn area: 65%
[16:29:43] [Worker-Main-6/INFO]: Preparing spawn area: 65%
[16:29:43] [Worker-Main-5/INFO]: Preparing spawn area: 85%
[16:29:43] [Server thread/INFO]: Time elapsed: 1820 ms
[16:29:44] [Server thread/INFO]: Server permissions file permissions.yml is empty, ignoring it
[16:29:44] [Server thread/INFO]: Done (38.534s)! For help, type "help"
[16:31:37] [Thread-2/INFO]: Stopping server
[16:31:37] [Thread-2/INFO]: Saving players
